1591988757454	mozrunner::runner	INFO	Running command: "C:\\Program Files\\Mozilla Firefox\\firefox.exe" "-marionette" "-foreground" "-no-remote" "-profile" "C:\\Users\\KAREM&~1\\AppData\\Local\\Temp\\rust_mozprofilekmjrCr"
JavaScript error: resource://gre/modules/XULStore.jsm, line 66: Error: Can't find profile directory.
1591988771710	Marionette	INFO	Listening on port 51006
1591988772752	Marionette	WARN	TLS certificate errors will be ignored for this session
1591988872165	Marionette	INFO	Stopped listening on port 51006

###!!! [Child][RunMessage] Error: Channel closing: too late to send/recv, messages will be lost

rs\\KAREM&~1\\AppData\\Local\\Temp\\rust_mozprofilenqgLdd"
JavaScript error: resource://gre/modules/XULStore.jsm, line 66: Error: Can't find profile directory.
1591988861951	Marionette	INFO	Listening on port 51058
1591988862001	Marionette	WARN	TLS certificate errors will be ignored for this session
1591988862109	Marionette	INFO	Stopped listening on port 51058
JavaScript error: resource://activity-stream/lib/ActivityStreamPrefs.jsm, line 27: NS_ERROR_ILLEGAL_VALUE: Component returned failure code: 0x80070057 (NS_ERROR_ILLEGAL_VALUE) [nsIPrefBranch.removeObserver]
JavaScript error: , line 0: uncaught exception: 2147500036
JavaScript error: resource://gre/modules/AsyncShutdown.jsm, line 554: uncaught exception: 2147500036
JavaScript error: resource://gre/modules/AsyncShutdown.jsm, line 554: uncaught exception: 2147500036
console.log: "RemoteSettingsWorker error: Error: Can't import when we've started shutting down."
console.log: "RemoteSettingsWorker error: Error: Can't import when we've started shutting down."

###!!! [Child][RunMessage] Error: Channel closing: too late to send/recv, messages will be lost

1591989434277	mozrunner::runner	INFO	Running command: "C:\\Program Files\\Mozilla Firefox\\firefox.exe" "-marionette" "-foreground" "-no-remote" "-profile" "C:\\Users\\KAREM&~1\\AppData\\Local\\Temp\\rust_mozprofileNjWCub"
JavaScript error: resource://gre/modules/XULStore.jsm, line 66: Error: Can't find profile directory.
1591989438414	Marionette	INFO	Listening on port 51131
1591989438509	Marionette	WARN	TLS certificate errors will be ignored for this session
1591989495251	Marionette	INFO	Stopped listening on port 51131

###!!! [Child][RunMessage] Error: Channel closing: too late to send/recv, messages will be lost

1592094703010	mozrunner::runner	INFO	Running command: "C:\\Program Files\\Mozilla Firefox\\firefox.exe" "-marionette" "-foreground" "-no-remote" "-profile" "C:\\Users\\KAREM&~1\\AppData\\Local\\Temp\\rust_mozprofile0f4k7C"
JavaScript error: resource://gre/modules/XULStore.jsm, line 66: Error: Can't find profile directory.
1592094715372	Marionette	INFO	Listening on port 50143
1592094715595	Marionette	WARN	TLS certificate errors will be ignored for this session
1592094743183	Marionette	INFO	Stopped listening on port 50143

###!!! [Child][RunMessage] Error: Channel closing: too late to send/recv, messages will be lost

1592094747120	mozrunner::runner	INFO	Running command: "C:\\Program Files\\Mozilla Firefox\\firefox.exe" "-marionette" "-foreground" "-no-remote" "-profile" "C:\\Users\\KAREM&~1\\AppData\\Local\\Temp\\rust_mozprofilego2xdT"
JavaScript error: resource://gre/modules/XULStore.jsm, line 66: Error: Can't find profile directory.
1592094750688	Marionette	INFO	Listening on port 50190
1592094750731	Marionette	WARN	TLS certificate errors will be ignored for this session
1592094763466	Marionette	INFO	Stopped listening on port 50190

###!!! [Child][RunMessage] Error: Channel closing: too late to send/recv, messages will be lost

1592095055615	mozrunner::runner	INFO	Running command: "C:\\Program Files\\Mozilla Firefox\\firefox.exe" "-marionette" "-foreground" "-no-remote" "-profile" "C:\\Users\\KAREM&~1\\AppData\\Local\\Temp\\rust_mozprofileChzK1Z"
JavaScript error: resource://gre/modules/XULStore.jsm, line 66: Error: Can't find profile directory.
1592095059432	Marionette	INFO	Listening on port 50254
1592095059753	Marionette	WARN	TLS certificate errors will be ignored for this session
1592095340111	Marionette	INFO	Stopped listening on port 50254

###!!! [Child][RunMessage] Error: Channel closing: too late to send/recv, messages will be lost

rs\\KAREM&~1\\AppData\\Local\\Temp\\rust_mozprofileA6C2dG"
JavaScript error: resource://gre/modules/XULStore.jsm, line 66: Error: Can't find profile directory.
1592095305675	Marionette	INFO	Listening on port 50415
1592095306041	Marionette	WARN	TLS certificate errors will be ignored for this session
1592095342131	Marionette	INFO	Stopped listening on port 50415

###!!! [Child][RunMessage] Error: Channel closing: too late to send/recv, messages will be lost

rs\\KAREM&~1\\AppData\\Local\\Temp\\rust_mozprofile0LY8qE"
JavaScript error: resource://gre/modules/XULStore.jsm, line 66: Error: Can't find profile directory.
1592095341785	Marionette	INFO	Listening on port 50478
1592095342223	Marionette	WARN	TLS certificate errors will be ignored for this session
JavaScript error: resource://gre/modules/IndexedDB.jsm, line 370: UnknownError: IDBDatabase.transaction: Can't start IndexedDB transaction during shutdown
1592095399107	Marionette	INFO	Stopped listening on port 50478

##JavaScript error: resource://gre/modules/XULStore.jsm, line 66: Error: Can't find profile directory.
1592095402009	Marionette	INFO	Listening on port 50560
1592095402424	Marionette	WARN	TLS certificate errors will be ignored for this session
1592095552369	Marionette	INFO	Stopped listening on port 50560

###!!! [Child][RunMessage] Error: Channel closing: too late to send/recv, messages will be lost

rs\\KAREM&~1\\AppData\\Local\\Temp\\rust_mozprofileMlNTJs"
JavaScript error: resource://gre/modules/XULStore.jsm, line 66: Error: Can't find profile directory.
1592095451958	Marionette	INFO	Listening on port 50638
1592095452060	Marionette	WARN	TLS certificate errors will be ignored for this session
1592095551041	Marionette	INFO	Stopped listening on port 50638

###!!! [Child][RunMessage] Error: Channel closing: too late to send/recv, messages will be lost

rs\\KAREM&~1\\AppData\\Local\\Temp\\rust_mozprofile8FF07Y"
JavaScript error: resource://gre/modules/XULStore.jsm, line 66: Error: Can't find profile directory.
1592095484385	Marionette	INFO	Listening on port 50701
1592095484870	Marionette	WARN	TLS certificate errors will be ignored for this session
1592095549979	Marionette	INFO	Stopped listening on port 50701

###!!! [Child][RunMessage] Error: Channel closing: too late to send/recv, messages will be lost

rs\\KAREM&~1\\AppData\\Local\\Temp\\rust_mozprofileNgyFOj"
JavaScript error: resource://gre/modules/XULStore.jsm, line 66: Error: Can't find profile directory.
1592095525278	Marionette	INFO	Listening on port 50768
1592095525346	Marionette	WARN	TLS certificate errors will be ignored for this session
1592095551919	Marionette	INFO	Stopped listening on port 50768

###!!! [Child][RunMessage] Error: Channel closing: too late to send/recv, messages will be lost

1592095596505	mozrunner::runner	INFO	Running command: "C:\\Program Files\\Mozilla Firefox\\firefox.exe" "-marionette" "-foreground" "-no-remote" "-profile" "C:\\Users\\KAREM&~1\\AppData\\Local\\Temp\\rust_mozprofilepCr4D3"
JavaScript error: resource://gre/modules/XULStore.jsm, line 66: Error: Can't find profile directory.
1592095600301	Marionette	INFO	Listening on port 50858
1592095600637	Marionette	WARN	TLS certificate errors will be ignored for this session
1592096166523	Marionette	INFO	Stopped listening on port 50858

###!!! [Child][RunMessage] Error: Channel closing: too late to send/recv, messages will be lost

rs\\KAREM&~1\\AppData\\Local\\Temp\\rust_mozprofileKetvVv"
JavaScript error: resource://gre/modules/XULStore.jsm, line 66: Error: Can't find profile directory.
1592095659763	Marionette	INFO	Listening on port 50936
1592095660015	Marionette	WARN	TLS certificate errors will be ignored for this session
console.error: services.settings: 
  Message: TypeError: NetworkError when attempting to fetch resource.
console.warn: services.settings: security-state/onecrl sync interrupted by shutdown
console.warn: services.settings: main/whats-new-panel sync interrupted by shutdown
console.warn: services.settings: main/url-classifier-skip-urls sync interrupted by shutdown
console.warn: services.settings: blocklists/addons sync interrupted by shutdown
console.warn: services.settings: main/search-config sync interrupted by shutdown
console.warn: services.settings: main/fxmonitor-breaches sync interrupted by shutdown
console.warn: services.settings: main/cfr sync interrupted by shutdown
console.warn: services.settings: main/cfr-fxa sync interrupted by shutdown
console.warn: services.settings: blocklists/plugins sync interrupted by shutdown
console.warn: services.settings: main/public-suffix-list sync interrupted by shutdown
console.warn: services.settings: main/hijack-blocklists sync interrupted by shutdown
console.warn: services.settings: main/language-dictionaries sync interrupted by shutdown
console.warn: services.settings: main/anti-tracking-url-decoration sync interrupted by shutdown
console.warn: services.settings: main/sites-classification sync interrupted by shutdown
console.warn: services.settings: pinning/pins sync interrupted by shutdown
console.warn: services.settings: blocklists/gfx sync interrupted by shutdown
1592096170968	Marionette	INFO	Stopped listening on port 50936

###!!! [Child][RunMessage] Error: Channel closing: too late to send/recv, messages will be lost

1592097525217	mozrunner::runner	INFO	Running command: "C:\\Program Files\\Mozilla Firefox\\firefox.exe" "-marionette" "-foreground" "-no-remote" "-profile" "C:\\Users\\KAREM&~1\\AppData\\Local\\Temp\\rust_mozprofile043cZ7"
JavaScript error: resource://gre/modules/XULStore.jsm, line 66: Error: Can't find profile directory.
1592097528811	Marionette	INFO	Listening on port 52094
1592097528840	Marionette	WARN	TLS certificate errors will be ignored for this session
1592097578383	Marionette	INFO	Stopped listening on port 52094

###!!! [Child][RunMessage] Error: Channel closing: too late to send/recv, messages will be lost

rs\\KAREM&~1\\AppData\\Local\\Temp\\rust_mozprofile18mCg8"
JavaScript error: resource://gre/modules/XULStore.jsm, line 66: Error: Can't find profile directory.
1592097562571	Marionette	INFO	Listening on port 52157
1592097563002	Marionette	WARN	TLS certificate errors will be ignored for this session
JavaScript error: resource://gre/modules/NetworkGeolocationProvider.jsm, line 555: TypeError: xhr.response.location is undefined
1592097575968	Marionette	INFO	Stopped listening on port 52157

###!!! [Child][RunMessage] Error: Channel closing: too late to send/recv, messages will be lost

1592097679706	mozrunner::runner	INFO	Running command: "C:\\Program Files\\Mozilla Firefox\\firefox.exe" "-marionette" "-foreground" "-no-remote" "-profile" "C:\\Users\\KAREM&~1\\AppData\\Local\\Temp\\rust_mozprofileEiOAFU"
JavaScript error: resource://gre/modules/XULStore.jsm, line 66: Error: Can't find profile directory.
1592097683549	Marionette	INFO	Listening on port 52271
1592097683821	Marionette	WARN	TLS certificate errors will be ignored for this session
JavaScript error: resource://gre/modules/NetworkGeolocationProvider.jsm, line 555: TypeError: xhr.response.location is undefined
1592097757358	Marionette	INFO	Stopped listening on port 52271

###!!! [Child][RunMessage] Error: Channel closing: too late to send/recv, messages will be lost

1592097765589	mozrunner::runner	INFO	Running command: "C:\\Program Files\\Mozilla Firefox\\firefox.exe" "-marionette" "-foreground" "-no-remote" "-profile" "C:\\Users\\KAREM&~1\\AppData\\Local\\Temp\\rust_mozprofile9Iq1UB"
JavaScript error: resource://gre/modules/XULStore.jsm, line 66: Error: Can't find profile directory.
1592097768690	Marionette	INFO	Listening on port 52393
1592097768717	Marionette	WARN	TLS certificate errors will be ignored for this session
1592097790227	Marionette	INFO	Stopped listening on port 52393

###!!! [Child][RunMessage] Error: Channel closing: too late to send/recv, messages will be lost

1592097858034	mozrunner::runner	INFO	Running command: "C:\\Program Files\\Mozilla Firefox\\firefox.exe" "-marionette" "-foreground" "-no-remote" "-profile" "C:\\Users\\KAREM&~1\\AppData\\Local\\Temp\\rust_mozprofile4C4041"
JavaScript error: resource://gre/modules/XULStore.jsm, line 66: Error: Can't find profile directory.
1592097861710	Marionette	INFO	Listening on port 52479
1592097862153	Marionette	WARN	TLS certificate errors will be ignored for this session
1592097883593	Marionette	INFO	Stopped listening on port 52479

###!!! [Child][RunMessage] Error: Channel closing: too late to send/recv, messages will be lost

1592097893147	mozrunner::runner	INFO	Running command: "C:\\Program Files\\Mozilla Firefox\\firefox.exe" "-marionette" "-foreground" "-no-remote" "-profile" "C:\\Users\\KAREM&~1\\AppData\\Local\\Temp\\rust_mozprofile32YDF0"
JavaScript error: resource://gre/modules/XULStore.jsm, line 66: Error: Can't find profile directory.
1592097896823	Marionette	INFO	Listening on port 52539
1592097897266	Marionette	WARN	TLS certificate errors will be ignored for this session
1592098041627	Marionette	INFO	Stopped listening on port 52539

###!!! [Child][RunMessage] Error: Channel closing: too late to send/recv, messages will be lost

rs\\KAREM&~1\\AppData\\Local\\Temp\\rust_mozprofilejkII8w"
JavaScript error: resource://gre/modules/XULStore.jsm, line 66: Error: Can't find profile directory.
1592098019967	Marionette	INFO	Listening on port 52652
1592098020403	Marionette	WARN	TLS certificate errors will be ignored for this session
1592098042032	Marionette	INFO	Stopped listening on port 52652

###!!! [Child][RunMessage] Error: Channel closing: too late to send/recv, messages will be lost

1592098051294	mozrunner::runner	INFO	Running command: "C:\\Program Files\\Mozilla Firefox\\firefox.exe" "-marionette" "-foreground" "-no-remote" "-profile" "C:\\Users\\KAREM&~1\\AppData\\Local\\Temp\\rust_mozprofileqtl94x"
JavaScript error: resource://gre/modules/XULStore.jsm, line 66: Error: Can't find profile directory.
1592098055090	Marionette	INFO	Listening on port 52716
1592098055417	Marionette	WARN	TLS certificate errors will be ignored for this session
1592098120303	Marionette	INFO	Stopped listening on port 52716

###!!! [Child][RunMessage] Error: Channel closing: too late to send/recv, messages will be lost

rs\\KAREM&~1\\AppData\\Local\\Temp\\rust_mozprofileIfzhpg"
JavaScript error: resource://gre/modules/XULStore.jsm, line 66: Error: Can't find profile directory.
1592098104552	Marionette	INFO	Listening on port 52788
1592098104925	Marionette	WARN	TLS certificate errors will be ignored for this session
1592098123125	Marionette	INFO	Stopped listening on port 52788

###!!! [Child][RunMessage] Error: Channel closing: too late to send/recv, messages will be lost

1592098148052	mozrunner::runner	INFO	Running command: "C:\\Program Files\\Mozilla Firefox\\firefox.exe" "-marionette" "-foreground" "-no-remote" "-profile" "C:\\Users\\KAREM&~1\\AppData\\Local\\Temp\\rust_mozprofile7Go7IC"
JavaScript error: resource://gre/modules/XULStore.jsm, line 66: Error: Can't find profile directory.
1592098151813	Marionette	INFO	Listening on port 52855
1592098152162	Marionette	WARN	TLS certificate errors will be ignored for this session
JavaScript error: , line 0: NS_ERROR_NOT_AVAILABLE
1592099334652	Marionette	INFO	Stopped listening on port 52855

###!!! [Child][RunMessage] Error: Channel closing: too late to send/recv, messages will be lost

1592099340622	mozrunner::runner	INFO	Running command: "C:\\Program Files\\Mozilla Firefox\\firefox.exe" "-marionette" "-foreground" "-no-remote" "-profile" "C:\\Users\\KAREM&~1\\AppData\\Local\\Temp\\rust_mozprofileYds8uA"
JavaScript error: resource://gre/modules/XULStore.jsm, line 66: Error: Can't find profile directory.
1592099344070	Marionette	INFO	Listening on port 53457
1592099344235	Marionette	WARN	TLS certificate errors will be ignored for this session
1592099360595	Marionette	INFO	Stopped listening on port 53457

###!!! [Child][RunMessage] Error: Channel closing: too late to send/recv, messages will be lost

1592099868907	mozrunner::runner	INFO	Running command: "C:\\Program Files\\Mozilla Firefox\\firefox.exe" "-marionette" "-foreground" "-no-remote" "-profile" "C:\\Users\\KAREM&~1\\AppData\\Local\\Temp\\rust_mozprofilegVHAiZ"
JavaScript error: resource://gre/modules/XULStore.jsm, line 66: Error: Can't find profile directory.
1592099872271	Marionette	INFO	Listening on port 53783
1592099872530	Marionette	WARN	TLS certificate errors will be ignored for this session
1592099898275	Marionette	INFO	Stopped listening on port 53783

###!!! [Child][RunMessage] Error: Channel closing: too late to send/recv, messages will be lost

1592099906220	mozrunner::runner	INFO	Running command: "C:\\Program Files\\Mozilla Firefox\\firefox.exe" "-marionette" "-foreground" "-no-remote" "-profile" "C:\\Users\\KAREM&~1\\AppData\\Local\\Temp\\rust_mozprofile0DeuFj"
JavaScript error: resource://gre/modules/XULStore.jsm, line 66: Error: Can't find profile directory.
1592099909580	Marionette	INFO	Listening on port 53848
1592099909833	Marionette	WARN	TLS certificate errors will be ignored for this session
1592099937689	Marionette	INFO	Stopped listening on port 53848

###!!! [Child][RunMessage] Error: Channel closing: too late to send/recv, messages will be lost

1592100002487	mozrunner::runner	INFO	Running command: "C:\\Program Files\\Mozilla Firefox\\firefox.exe" "-marionette" "-foreground" "-no-remote" "-profile" "C:\\Users\\KAREM&~1\\AppData\\Local\\Temp\\rust_mozprofilek6wXEt"
JavaScript error: resource://gre/modules/XULStore.jsm, line 66: Error: Can't find profile directory.
1592100005924	Marionette	INFO	Listening on port 53943
1592100006103	Marionette	WARN	TLS certificate errors will be ignored for this session
1592100222535	Marionette	INFO	Stopped listening on port 53943

###!!! [Child][RunMessage] Error: Channel closing: too late to send/recv, messages will be lost

rs\\KAREM&~1\\AppData\\Local\\Temp\\rust_mozprofileYo1MpE"
JavaScript error: resource://gre/modules/XULStore.jsm, line 66: Error: Can't find profile directory.
1592100067126	Marionette	INFO	Listening on port 54022
1592100067235	Marionette	WARN	TLS certificate errors will be ignored for this session
1592100119171	Marionette	INFO	Stopped listening on port 54022

###!!! [Child][RunMessage] Error: Channel closing: too late to send/recv, messages will be lost

1592100202856	mozrunner::runner	INFO	Running command: "C:\\Program Files\\Mozilla Firefox\\firefox.exe" "-marionette" "-foreground" "-no-remote" "-profile" "C:\\Users\\KAREM&~1\\AppData\\Local\\Temp\\rust_mozprofile8Z0vFM"
JavaScript error: resource://gre/modules/XULStore.jsm, line 66: Error: Can't find profile directory.
1592100206329	Marionette	INFO	Listening on port 54181
1592100206473	Marionette	WARN	TLS certificate errors will be ignored for this session
1592100308037	Marionette	INFO	Stopped listening on port 54181

###!!! [Child][RunMessage] Error: Channel closing: too late to send/recv, messages will be lost

1592100366429	mozrunner::runner	INFO	Running command: "C:\\Program Files\\Mozilla Firefox\\firefox.exe" "-marionette" "-foreground" "-no-remote" "-profile" "C:\\Users\\KAREM&~1\\AppData\\Local\\Temp\\rust_mozprofileghsFsJ"
JavaScript error: resource://gre/modules/XULStore.jsm, line 66: Error: Can't find profile directory.
1592100369821	Marionette	INFO	Listening on port 54373
1592100370040	Marionette	WARN	TLS certificate errors will be ignored for this session
1592100430127	Marionette	INFO	Stopped listening on port 54373

###!!! [Child][RunMessage] Error: Channel closing: too late to send/recv, messages will be lost

1592100484294	mozrunner::runner	INFO	Running command: "C:\\Program Files\\Mozilla Firefox\\firefox.exe" "-marionette" "-foreground" "-no-remote" "-profile" "C:\\Users\\KAREM&~1\\AppData\\Local\\Temp\\rust_mozprofilengOnlc"
JavaScript error: resource://gre/modules/XULStore.jsm, line 66: Error: Can't find profile directory.
1592100487738	Marionette	INFO	Listening on port 54514
1592100487916	Marionette	WARN	TLS certificate errors will be ignored for this session
JavaScript error: , line 0: NS_ERROR_NOT_AVAILABLE
1592102816375	Marionette	INFO	Stopped listening on port 54514

###!!! [Child][RunMessage] Error: Channel closing: too late to send/recv, messages will be lost

g42A8"
JavaScript error: resource://gre/modules/XULStore.jsm, line 66: Error: Can't find profile directory.
1592101348426	Marionette	INFO	Listening on port 55024
1592101348524	Marionette	WARN	TLS certificate errors will be ignored for this session
JavaScript error: , line 0: AbortError: A request was aborted, for example through a call to IDBTransaction.abort.
1592101494538	Marionette	INFO	Stopped listening on port 55024

###!!! [Child][RunMessage] Error: Channel closing: too late to send/recv, messages will be lost

1592101521223	mozrunner::runner	INFO	Running command: "C:\\Program Files\\Mozilla Firefox\\firefox.exe" "-marionette" "-foreground" "-no-remote" "-profile" "C:\\Users\\KAREM&~1\\AppData\\Local\\Temp\\rust_mozprofileRJHGFp"
JavaScript error: resource://gre/modules/XULStore.jsm, line 66: Error: Can't find profile directory.
1592101524706	Marionette	INFO	Listening on port 55195
1592101524840	Marionette	WARN	TLS certificate errors will be ignored for this session
1592101580761	Marionette	INFO	Stopped listening on port 55195

###!!! [Child][RunMessage] Error: Channel closing: too late to send/recv, messages will be lost

1592101603811	mozrunner::runner	INFO	Running command: "C:\\Program Files\\Mozilla Firefox\\firefox.exe" "-marionette" "-foreground" "-no-remote" "-profile" "C:\\Users\\KAREM&~1\\AppData\\Local\\Temp\\rust_mozprofileIaFWU0"
JavaScript error: resource://gre/modules/XULStore.jsm, line 66: Error: Can't find profile directory.
1592101607195	Marionette	INFO	Listening on port 55302
1592101607424	Marionette	WARN	TLS certificate errors will be ignored for this session
1592101826817	Marionette	INFO	Stopped listening on port 55302

###!!! [Child][RunMessage] Error: Channel closing: too late to send/recv, messages will be lost

